;  LST file generated by mikroListExporter - v.2.0 
; Date/Time: 29/10/2024 15:44:22
;----------------------------------------------

;Address Opcode 	ASM
0x0000	0xF000EF98  	GOTO        304
_INTERRUPCAO:
;Projeto2.c,3 :: 		void INTERRUPCAO() iv 0x0008 ics ICS_AUTO {
;Projeto2.c,4 :: 		if(INTCON.INT0IF == 1) { // verifica se a INT0 ocorreu
0x0008	0xA2F2      	BTFSS       INTCON, 1 
0x000A	0xD00C      	BRA         L_INTERRUPCAO0
;Projeto2.c,5 :: 		T0CON = 0B10000101;; // liga o timer e configura prescaler
0x000C	0x0E85      	MOVLW       133
0x000E	0x6ED5      	MOVWF       T0CON 
;Projeto2.c,6 :: 		INTCON.INT0IF = 0; //  zera flag
0x0010	0x92F2      	BCF         INTCON, 1 
;Projeto2.c,7 :: 		Delay_ms(40);
0x0012	0x0E68      	MOVLW       104
0x0014	0x6E0C      	MOVWF       R12, 0
0x0016	0x0EE4      	MOVLW       228
0x0018	0x6E0D      	MOVWF       R13, 0
L_INTERRUPCAO1:
0x001A	0x2E0D      	DECFSZ      R13, 1, 0
0x001C	0xD7FE      	BRA         L_INTERRUPCAO1
0x001E	0x2E0C      	DECFSZ      R12, 1, 0
0x0020	0xD7FC      	BRA         L_INTERRUPCAO1
0x0022	0x0000      	NOP
;Projeto2.c,8 :: 		}
L_INTERRUPCAO0:
;Projeto2.c,10 :: 		if(INTCON3.INT1IF == 1) { // verifica se a INT1 ocorreu
0x0024	0xA0F0      	BTFSS       INTCON3, 0 
0x0026	0xD00C      	BRA         L_INTERRUPCAO2
;Projeto2.c,11 :: 		T0CON = 0B10000011;; // liga o timer e configura prescaler
0x0028	0x0E83      	MOVLW       131
0x002A	0x6ED5      	MOVWF       T0CON 
;Projeto2.c,12 :: 		INTCON3.INT1IF = 0; //  zera flag
0x002C	0x90F0      	BCF         INTCON3, 0 
;Projeto2.c,13 :: 		Delay_ms(40);
0x002E	0x0E68      	MOVLW       104
0x0030	0x6E0C      	MOVWF       R12, 0
0x0032	0x0EE4      	MOVLW       228
0x0034	0x6E0D      	MOVWF       R13, 0
L_INTERRUPCAO3:
0x0036	0x2E0D      	DECFSZ      R13, 1, 0
0x0038	0xD7FE      	BRA         L_INTERRUPCAO3
0x003A	0x2E0C      	DECFSZ      R12, 1, 0
0x003C	0xD7FC      	BRA         L_INTERRUPCAO3
0x003E	0x0000      	NOP
;Projeto2.c,14 :: 		}
L_INTERRUPCAO2:
;Projeto2.c,15 :: 		}
L_end_INTERRUPCAO:
L__INTERRUPCAO21:
0x0040	0x0011      	RETFIE      1
; end of _INTERRUPCAO
_ConfigMCU:
;Projeto2.c,35 :: 		void ConfigMCU() {
;Projeto2.c,37 :: 		ADCON1 |= 0X0F;
0x0042	0x0E0F      	MOVLW       15
0x0044	0x12C1      	IORWF       ADCON1, 1 
;Projeto2.c,40 :: 		INTCON2.RBPU = 0; //RBPU é barrado, portanto acionado em 0
0x0046	0x9EF1      	BCF         INTCON2, 7 
;Projeto2.c,42 :: 		TRISD = 0;  // definir porta D como saida
0x0048	0x6A95      	CLRF        TRISD 
;Projeto2.c,43 :: 		PORTD = 0;  // LEDs inicialmente apagados
0x004A	0x6A83      	CLRF        PORTD 
;Projeto2.c,44 :: 		TRISB.RB0 = 1; // Pino RB0/INT0 como entrada
0x004C	0x8093      	BSF         TRISB, 0 
;Projeto2.c,45 :: 		TRISB.RB1 = 1; // Pino RB1/INT1 como entrada
0x004E	0x8293      	BSF         TRISB, 1 
;Projeto2.c,47 :: 		PORTA = 0b00001111; // liga o display de 7 seg. do kit
0x0050	0x0E0F      	MOVLW       15
0x0052	0x6E80      	MOVWF       PORTA 
;Projeto2.c,49 :: 		}
L_end_ConfigMCU:
0x0054	0x0012      	RETURN      0
; end of _ConfigMCU
_Incrementa:
;Projeto2.c,17 :: 		void Incrementa() { // função para incrementar contador
;Projeto2.c,18 :: 		ucContador++;
0x0056	0x4A15      	INFSNZ      _ucContador, 1 
0x0058	0x2A16      	INCF        _ucContador+1, 1 
;Projeto2.c,19 :: 		switch (ucContador) {  	// acionamento do display de 7 segmentos do kit EasyPIC (PORTD)
0x005A	0xD024      	BRA         L_Incrementa4
;Projeto2.c,20 :: 		case 0:{ latd = 0b00111111; break;}
L_Incrementa6:
0x005C	0x0E3F      	MOVLW       63
0x005E	0x6E8C      	MOVWF       LATD 
0x0060	0xD05E      	BRA         L_Incrementa5
;Projeto2.c,21 :: 		case 1:{ latd = 0b00000110; break;}
L_Incrementa7:
0x0062	0x0E06      	MOVLW       6
0x0064	0x6E8C      	MOVWF       LATD 
0x0066	0xD05B      	BRA         L_Incrementa5
;Projeto2.c,22 :: 		case 2:{ latd = 0b01011011; break;}
L_Incrementa8:
0x0068	0x0E5B      	MOVLW       91
0x006A	0x6E8C      	MOVWF       LATD 
0x006C	0xD058      	BRA         L_Incrementa5
;Projeto2.c,23 :: 		case 3:{ latd = 0b01001111; break;}
L_Incrementa9:
0x006E	0x0E4F      	MOVLW       79
0x0070	0x6E8C      	MOVWF       LATD 
0x0072	0xD055      	BRA         L_Incrementa5
;Projeto2.c,24 :: 		case 4:{ latd = 0b01100110; break;}
L_Incrementa10:
0x0074	0x0E66      	MOVLW       102
0x0076	0x6E8C      	MOVWF       LATD 
0x0078	0xD052      	BRA         L_Incrementa5
;Projeto2.c,25 :: 		case 5:{ latd = 0b01101101; break;}
L_Incrementa11:
0x007A	0x0E6D      	MOVLW       109
0x007C	0x6E8C      	MOVWF       LATD 
0x007E	0xD04F      	BRA         L_Incrementa5
;Projeto2.c,26 :: 		case 6:{ latd = 0b01111101; break;}
L_Incrementa12:
0x0080	0x0E7D      	MOVLW       125
0x0082	0x6E8C      	MOVWF       LATD 
0x0084	0xD04C      	BRA         L_Incrementa5
;Projeto2.c,27 :: 		case 7:{ latd = 0b00000111; break;}
L_Incrementa13:
0x0086	0x0E07      	MOVLW       7
0x0088	0x6E8C      	MOVWF       LATD 
0x008A	0xD049      	BRA         L_Incrementa5
;Projeto2.c,28 :: 		case 8:{ latd = 0b01111111; break;}
L_Incrementa14:
0x008C	0x0E7F      	MOVLW       127
0x008E	0x6E8C      	MOVWF       LATD 
0x0090	0xD046      	BRA         L_Incrementa5
;Projeto2.c,29 :: 		case 9:{ latd = 0b01101111; break;}
L_Incrementa15:
0x0092	0x0E6F      	MOVLW       111
0x0094	0x6E8C      	MOVWF       LATD 
0x0096	0xD043      	BRA         L_Incrementa5
;Projeto2.c,30 :: 		default:{ PORTD =0; ucContador = -1; break;} // zera todo o PORTD
L_Incrementa16:
0x0098	0x6A83      	CLRF        PORTD 
0x009A	0x0EFF      	MOVLW       255
0x009C	0x6E15      	MOVWF       _ucContador 
0x009E	0x0EFF      	MOVLW       255
0x00A0	0x6E16      	MOVWF       _ucContador+1 
0x00A2	0xD03D      	BRA         L_Incrementa5
;Projeto2.c,31 :: 		}
L_Incrementa4:
0x00A4	0x0E00      	MOVLW       0
0x00A6	0x1816      	XORWF       _ucContador+1, 0 
0x00A8	0xE102      	BNZ         L__Incrementa23
0x00AA	0x0E00      	MOVLW       0
0x00AC	0x1815      	XORWF       _ucContador, 0 
L__Incrementa23:
0x00AE	0xE0D6      	BZ          L_Incrementa6
0x00B0	0x0E00      	MOVLW       0
0x00B2	0x1816      	XORWF       _ucContador+1, 0 
0x00B4	0xE102      	BNZ         L__Incrementa24
0x00B6	0x0E01      	MOVLW       1
0x00B8	0x1815      	XORWF       _ucContador, 0 
L__Incrementa24:
0x00BA	0xE0D3      	BZ          L_Incrementa7
0x00BC	0x0E00      	MOVLW       0
0x00BE	0x1816      	XORWF       _ucContador+1, 0 
0x00C0	0xE102      	BNZ         L__Incrementa25
0x00C2	0x0E02      	MOVLW       2
0x00C4	0x1815      	XORWF       _ucContador, 0 
L__Incrementa25:
0x00C6	0xE0D0      	BZ          L_Incrementa8
0x00C8	0x0E00      	MOVLW       0
0x00CA	0x1816      	XORWF       _ucContador+1, 0 
0x00CC	0xE102      	BNZ         L__Incrementa26
0x00CE	0x0E03      	MOVLW       3
0x00D0	0x1815      	XORWF       _ucContador, 0 
L__Incrementa26:
0x00D2	0xE0CD      	BZ          L_Incrementa9
0x00D4	0x0E00      	MOVLW       0
0x00D6	0x1816      	XORWF       _ucContador+1, 0 
0x00D8	0xE102      	BNZ         L__Incrementa27
0x00DA	0x0E04      	MOVLW       4
0x00DC	0x1815      	XORWF       _ucContador, 0 
L__Incrementa27:
0x00DE	0xE0CA      	BZ          L_Incrementa10
0x00E0	0x0E00      	MOVLW       0
0x00E2	0x1816      	XORWF       _ucContador+1, 0 
0x00E4	0xE102      	BNZ         L__Incrementa28
0x00E6	0x0E05      	MOVLW       5
0x00E8	0x1815      	XORWF       _ucContador, 0 
L__Incrementa28:
0x00EA	0xE0C7      	BZ          L_Incrementa11
0x00EC	0x0E00      	MOVLW       0
0x00EE	0x1816      	XORWF       _ucContador+1, 0 
0x00F0	0xE102      	BNZ         L__Incrementa29
0x00F2	0x0E06      	MOVLW       6
0x00F4	0x1815      	XORWF       _ucContador, 0 
L__Incrementa29:
0x00F6	0xE0C4      	BZ          L_Incrementa12
0x00F8	0x0E00      	MOVLW       0
0x00FA	0x1816      	XORWF       _ucContador+1, 0 
0x00FC	0xE102      	BNZ         L__Incrementa30
0x00FE	0x0E07      	MOVLW       7
0x0100	0x1815      	XORWF       _ucContador, 0 
L__Incrementa30:
0x0102	0xE0C1      	BZ          L_Incrementa13
0x0104	0x0E00      	MOVLW       0
0x0106	0x1816      	XORWF       _ucContador+1, 0 
0x0108	0xE102      	BNZ         L__Incrementa31
0x010A	0x0E08      	MOVLW       8
0x010C	0x1815      	XORWF       _ucContador, 0 
L__Incrementa31:
0x010E	0xE0BE      	BZ          L_Incrementa14
0x0110	0x0E00      	MOVLW       0
0x0112	0x1816      	XORWF       _ucContador+1, 0 
0x0114	0xE102      	BNZ         L__Incrementa32
0x0116	0x0E09      	MOVLW       9
0x0118	0x1815      	XORWF       _ucContador, 0 
L__Incrementa32:
0x011A	0xE0BB      	BZ          L_Incrementa15
0x011C	0xD7BD      	BRA         L_Incrementa16
L_Incrementa5:
;Projeto2.c,32 :: 		}
L_end_Incrementa:
0x011E	0x0012      	RETURN      0
; end of _Incrementa
___CC2DW:
;__Lib_System.c,21 :: 		
;__Lib_System.c,23 :: 		
_CC2DL_Loop1:
;__Lib_System.c,24 :: 		
0x0120	0x0009      	TBLRD*+
;__Lib_System.c,25 :: 		
0x0122	0xFFE6CFF5  	MOVFF       TABLAT, POSTINC1
;__Lib_System.c,26 :: 		
0x0126	0x0600      	DECF        R0, 1, 0
;__Lib_System.c,27 :: 		
0x0128	0xE1FB      	BNZ         _CC2DL_Loop1
;__Lib_System.c,28 :: 		
0x012A	0x0601      	DECF        R1, 1, 0
;__Lib_System.c,29 :: 		
0x012C	0xE1F9      	BNZ         _CC2DL_Loop1
;__Lib_System.c,31 :: 		
L_end___CC2DW:
0x012E	0x0012      	RETURN      0
; end of ___CC2DW
_main:
0x0130	0x0EFF      	MOVLW       255
0x0132	0x6E15      	MOVWF       _ucContador 
0x0134	0x0EFF      	MOVLW       255
0x0136	0x6E16      	MOVWF       22 
;Projeto2.c,51 :: 		void main() {
;Projeto2.c,52 :: 		ConfigMCU();
0x0138	0xDF84      	RCALL       _ConfigMCU
;Projeto2.c,55 :: 		INTCON.GIEH = 1; // Habilita interrupções
0x013A	0x8EF2      	BSF         INTCON, 7 
;Projeto2.c,57 :: 		RCON.IPEN = 1;  // habilita niveis de prioridade
0x013C	0x8ED0      	BSF         RCON, 7 
;Projeto2.c,59 :: 		INTCON.INT0IF = 0;    //Flag responsável em gerar/acionar a interrupção
0x013E	0x92F2      	BCF         INTCON, 1 
;Projeto2.c,60 :: 		INTCON.INT0IE = 1;  //Habilita a interrupção específica INT0
0x0140	0x88F2      	BSF         INTCON, 4 
;Projeto2.c,62 :: 		INTCON3.INT1IF = 0;    //Flag responsável em gerar/acionar a interrupção
0x0142	0x90F0      	BCF         INTCON3, 0 
;Projeto2.c,63 :: 		INTCON3.INT1IP = 1; // coloca INT1 como alta prioridade
0x0144	0x8CF0      	BSF         INTCON3, 6 
;Projeto2.c,64 :: 		INTCON3.INT1IE = 1;  //Habilita a interrupção específica INT1
0x0146	0x86F0      	BSF         INTCON3, 3 
;Projeto2.c,67 :: 		INTCON2.INTEDG0 = 1;
0x0148	0x8CF1      	BSF         INTCON2, 6 
;Projeto2.c,68 :: 		INTCON2.INTEDG1 = 1;
0x014A	0x8AF1      	BSF         INTCON2, 5 
;Projeto2.c,71 :: 		T0CON = 0B00000100;
0x014C	0x0E04      	MOVLW       4
0x014E	0x6ED5      	MOVWF       T0CON 
;Projeto2.c,74 :: 		TMR0L = 0xF4;
0x0150	0x0EF4      	MOVLW       244
0x0152	0x6ED6      	MOVWF       TMR0L 
;Projeto2.c,75 :: 		TMR0H = 0x24;
0x0154	0x0E24      	MOVLW       36
0x0156	0x6ED7      	MOVWF       TMR0H 
;Projeto2.c,77 :: 		INTCON.TMR0IF = 0 ; // flag de overflow do timer inicialmente zerada
0x0158	0x94F2      	BCF         INTCON, 2 
;Projeto2.c,79 :: 		while(1) {
L_main17:
;Projeto2.c,80 :: 		if (INTCON.TMR0IF == 1) { // verifica se timer finalizou contagem
0x015A	0xA4F2      	BTFSS       INTCON, 2 
0x015C	0xD006      	BRA         L_main19
;Projeto2.c,82 :: 		INTCON.TMR0IF = 0; // zera o flag de overflow da contagem
0x015E	0x94F2      	BCF         INTCON, 2 
;Projeto2.c,83 :: 		TMR0L = 0xF4;
0x0160	0x0EF4      	MOVLW       244
0x0162	0x6ED6      	MOVWF       TMR0L 
;Projeto2.c,84 :: 		TMR0H = 0x24;
0x0164	0x0E24      	MOVLW       36
0x0166	0x6ED7      	MOVWF       TMR0H 
;Projeto2.c,85 :: 		Incrementa();
0x0168	0xDF76      	RCALL       _Incrementa
;Projeto2.c,86 :: 		}
L_main19:
;Projeto2.c,87 :: 		}
0x016A	0xD7F7      	BRA         L_main17
;Projeto2.c,88 :: 		}
L_end_main:
0x016C	0xD7FF      	BRA         $+0
; end of _main
Symbol List:
//** Routines locations **
//ADDRESS    SIZE    PROCEDURE
//----------------------------------------------
0x0008      [58]    _INTERRUPCAO
0x0042      [20]    _ConfigMCU
0x0056     [202]    _Incrementa
0x0120      [16]    ___CC2DW
0x0130      [62]    _main
//** Variables locations ** 
//ADDRESS    SIZE    VARIABLE
//----------------------------------------------
0x0000       [1]    R0
0x0001       [1]    R1
0x0002       [1]    R2
0x0003       [1]    R3
0x0004       [1]    R4
0x0005       [1]    R5
0x0006       [1]    R6
0x0007       [1]    R7
0x0008       [1]    R8
0x0009       [1]    R9
0x000A       [1]    R10
0x000B       [1]    R11
0x000C       [1]    R12
0x000D       [1]    R13
0x000E       [1]    R14
0x000F       [1]    R15
0x0010       [1]    R16
0x0011       [1]    R17
0x0012       [1]    R18
0x0013       [1]    R19
0x0014       [1]    R20
0x0015       [2]    _ucContador
0x0F80       [1]    PORTA
0x0F83       [1]    PORTD
0x0F8C       [1]    LATD
0x0F93       [1]    TRISB
0x0F95       [1]    TRISD
0x0FC1       [1]    ADCON1
0x0FD0       [1]    RCON
0x0FD5       [1]    T0CON
0x0FD6       [1]    TMR0L
0x0FD7       [1]    TMR0H
0x0FD8       [1]    STATUS
0x0FD9       [1]    FSR2L
0x0FDA       [1]    FSR2H
0x0FDE       [1]    POSTINC2
0x0FE0       [1]    BSR
0x0FE1       [1]    FSR1L
0x0FE2       [1]    FSR1H
0x0FE4       [1]    PREINC1
0x0FE6       [1]    POSTINC1
0x0FE7       [1]    INDF1
0x0FE8       [1]    WREG
0x0FE9       [1]    FSR0L
0x0FEA       [1]    FSR0H
0x0FEE       [1]    POSTINC0
0x0FF0       [1]    INTCON3
0x0FF1       [1]    INTCON2
0x0FF2       [1]    INTCON
0x0FF3       [1]    PRODL
0x0FF4       [1]    PRODH
0x0FF5       [1]    TABLAT
0x0FF6       [1]    TBLPTRL
0x0FF7       [1]    TBLPTRH
0x0FF8       [1]    TBLPTRU
